<?xml version="1.0" encoding="utf-8"?>
<TestRun id="de0c24f7-fe38-426e-9c37-607fda12b89e" name="Carol@DESKTOP-4756CNH 2025-10-25 13:46:24" runUser="DESKTOP-4756CNH\Carol" xmlns="http://microsoft.com/schemas/VisualStudio/TeamTest/2010">
  <Times creation="2025-10-25T13:46:25.0019669-03:00" queuing="2025-10-25T13:46:25.0019673-03:00" start="2025-10-25T13:46:23.2889363-03:00" finish="2025-10-25T13:46:25.0112683-03:00" />
  <TestSettings name="default" id="7020be80-38ab-4bd0-864a-5de311b73702">
    <Deployment runDeploymentRoot="Carol_DESKTOP-4756CNH_2025-10-25_13_46_24" />
  </TestSettings>
  <Results>
    <UnitTestResult executionId="ddb471e5-5588-481c-b416-575d0deda22a" testId="ff146219-6f25-ecbb-b6fa-b1149af17c52" testName="EmpresaX.POS.API.Tests.HealthCheckIntegrationTests.HealthEndpoint_ReturnsHealthy" computerName="DESKTOP-4756CNH" duration="00:00:00.5536818" startTime="2025-10-25T13:46:24.8477151-03:00" endTime="2025-10-25T13:46:24.8477156-03:00" testType="13cdc9d9-ddb5-4fa4-a97d-d965ccfc6d4b" outcome="Passed" testListId="8c84fa94-04c1-424b-9868-57a2d4851a1d" relativeResultsDirectory="ddb471e5-5588-481c-b416-575d0deda22a" />
    <UnitTestResult executionId="6dc29045-0226-41a6-86f4-cfd96ebd922b" testId="1780579a-ba27-48d2-685c-6be6840e0388" testName="EmpresaX.POS.API.Tests.WeatherForecastTests.TemperatureF_Calculation_IsCorrect" computerName="DESKTOP-4756CNH" duration="00:00:00.0104756" startTime="2025-10-25T13:46:24.3038890-03:00" endTime="2025-10-25T13:46:24.3039093-03:00" testType="13cdc9d9-ddb5-4fa4-a97d-d965ccfc6d4b" outcome="Passed" testListId="8c84fa94-04c1-424b-9868-57a2d4851a1d" relativeResultsDirectory="6dc29045-0226-41a6-86f4-cfd96ebd922b" />
  </Results>
  <TestDefinitions>
    <UnitTest name="EmpresaX.POS.API.Tests.WeatherForecastTests.TemperatureF_Calculation_IsCorrect" storage="c:\projetos\empresax.pos.api\tests\empresax.pos.api.tests\bin\debug\net8.0\empresax.pos.api.tests.dll" id="1780579a-ba27-48d2-685c-6be6840e0388">
      <Execution id="6dc29045-0226-41a6-86f4-cfd96ebd922b" />
      <TestMethod codeBase="C:\Projetos\EmpresaX.POS.API\tests\EmpresaX.POS.API.Tests\bin\Debug\net8.0\EmpresaX.POS.API.Tests.dll" adapterTypeName="executor://xunit/VsTestRunner2/netcoreapp" className="EmpresaX.POS.API.Tests.WeatherForecastTests" name="TemperatureF_Calculation_IsCorrect" />
    </UnitTest>
    <UnitTest name="EmpresaX.POS.API.Tests.HealthCheckIntegrationTests.HealthEndpoint_ReturnsHealthy" storage="c:\projetos\empresax.pos.api\tests\empresax.pos.api.tests\bin\debug\net8.0\empresax.pos.api.tests.dll" id="ff146219-6f25-ecbb-b6fa-b1149af17c52">
      <Execution id="ddb471e5-5588-481c-b416-575d0deda22a" />
      <TestMethod codeBase="C:\Projetos\EmpresaX.POS.API\tests\EmpresaX.POS.API.Tests\bin\Debug\net8.0\EmpresaX.POS.API.Tests.dll" adapterTypeName="executor://xunit/VsTestRunner2/netcoreapp" className="EmpresaX.POS.API.Tests.HealthCheckIntegrationTests" name="HealthEndpoint_ReturnsHealthy" />
    </UnitTest>
  </TestDefinitions>
  <TestEntries>
    <TestEntry testId="ff146219-6f25-ecbb-b6fa-b1149af17c52" executionId="ddb471e5-5588-481c-b416-575d0deda22a" testListId="8c84fa94-04c1-424b-9868-57a2d4851a1d" />
    <TestEntry testId="1780579a-ba27-48d2-685c-6be6840e0388" executionId="6dc29045-0226-41a6-86f4-cfd96ebd922b" testListId="8c84fa94-04c1-424b-9868-57a2d4851a1d" />
  </TestEntries>
  <TestLists>
    <TestList name="Resultados que não estão em uma lista" id="8c84fa94-04c1-424b-9868-57a2d4851a1d" />
    <TestList name="Todos os resultados carregados" id="19431567-8539-422a-85d7-44ee4e166bda" />
  </TestLists>
  <ResultSummary outcome="Completed">
    <Counters total="2" executed="2" passed="2" failed="0" error="0" timeout="0" aborted="0" inconclusive="0" passedButRunAborted="0" notRunnable="0" notExecuted="0" disconnected="0" warning="0" completed="0" inProgress="0" pending="0" />
    <Output>
      <StdOut>[xUnit.net 00:00:00.00] xUnit.net VSTest Adapter v2.5.7+8f2703126a (64-bit .NET 8.0.21)&#xD;
[xUnit.net 00:00:00.25]   Discovering: EmpresaX.POS.API.Tests&#xD;
[xUnit.net 00:00:00.28]   Discovered:  EmpresaX.POS.API.Tests&#xD;
[xUnit.net 00:00:00.29]   Starting:    EmpresaX.POS.API.Tests&#xD;
[13:46:24 WRN] Failed to determine the https port for redirect.&#xD;
[xUnit.net 00:00:00.90]   Finished:    EmpresaX.POS.API.Tests&#xD;
</StdOut>
    </Output>
  </ResultSummary>
</TestRun>